Compiled jquery.js  (3ms)  (pid 790)
Compiled jquery_ujs.js  (0ms)  (pid 790)
Compiled posts.js  (837ms)  (pid 790)
Compiled welcome.js  (141ms)  (pid 790)
Compiled application.js  (1001ms)  (pid 790)
Compiled application.css  (0ms)  (pid 790)
Compiled jquery.js  (3ms)  (pid 790)
Compiled jquery_ujs.js  (0ms)  (pid 790)
Compiled posts.js  (165ms)  (pid 790)
Compiled welcome.js  (144ms)  (pid 790)
Compiled application.js  (331ms)  (pid 790)
Compiled application.css  (0ms)  (pid 790)
Compiled jquery.js  (4ms)  (pid 39276)
Compiled jquery_ujs.js  (0ms)  (pid 39276)
Compiled posts.js  (185ms)  (pid 39276)
Compiled welcome.js  (177ms)  (pid 39276)
Compiled application.js  (407ms)  (pid 39276)
Compiled application.css  (0ms)  (pid 39276)
Compiled jquery.js  (3ms)  (pid 39276)
Compiled jquery_ujs.js  (0ms)  (pid 39276)
Compiled posts.js  (155ms)  (pid 39276)
Compiled welcome.js  (161ms)  (pid 39276)
Compiled application.js  (357ms)  (pid 39276)
Compiled application.css  (0ms)  (pid 39276)
Compiled jquery.js  (4ms)  (pid 16765)
Compiled jquery_ujs.js  (0ms)  (pid 16765)
Compiled posts.js  (209ms)  (pid 16765)
Compiled welcome.js  (142ms)  (pid 16765)
Compiled application.js  (394ms)  (pid 16765)
Compiled application.css  (0ms)  (pid 16765)
Compiled jquery.js  (3ms)  (pid 16765)
Compiled jquery_ujs.js  (0ms)  (pid 16765)
Compiled posts.js  (152ms)  (pid 16765)
Compiled welcome.js  (141ms)  (pid 16765)
Compiled application.js  (332ms)  (pid 16765)
Compiled application.css  (0ms)  (pid 16765)
Compiled jquery.js  (4ms)  (pid 16810)
Compiled jquery_ujs.js  (0ms)  (pid 16810)
Compiled posts.js  (840ms)  (pid 16810)
Compiled welcome.js  (162ms)  (pid 16810)
Compiled application.js  (1047ms)  (pid 16810)
Compiled application.css  (0ms)  (pid 16810)
Compiled jquery.js  (3ms)  (pid 16810)
Compiled jquery_ujs.js  (0ms)  (pid 16810)
Compiled posts.js  (171ms)  (pid 16810)
Compiled welcome.js  (137ms)  (pid 16810)
Compiled application.js  (344ms)  (pid 16810)
Compiled application.css  (0ms)  (pid 16810)
Compiled jquery.js  (4ms)  (pid 17057)
Compiled jquery_ujs.js  (1ms)  (pid 17057)
Compiled posts.js  (165ms)  (pid 17057)
Compiled welcome.js  (155ms)  (pid 17057)
Compiled application.js  (368ms)  (pid 17057)
Compiled application.css  (0ms)  (pid 17057)
Compiled jquery.js  (4ms)  (pid 17057)
Compiled jquery_ujs.js  (0ms)  (pid 17057)
Compiled posts.js  (160ms)  (pid 17057)
Compiled welcome.js  (148ms)  (pid 17057)
Compiled application.js  (348ms)  (pid 17057)
Compiled application.css  (0ms)  (pid 17057)
Compiled jquery.js  (3ms)  (pid 17075)
Compiled jquery_ujs.js  (0ms)  (pid 17075)
Compiled posts.js  (155ms)  (pid 17075)
Compiled welcome.js  (180ms)  (pid 17075)
Compiled application.js  (373ms)  (pid 17075)
Compiled application.css  (0ms)  (pid 17075)
Compiled jquery.js  (3ms)  (pid 17075)
Compiled jquery_ujs.js  (0ms)  (pid 17075)
Compiled posts.js  (154ms)  (pid 17075)
Compiled welcome.js  (143ms)  (pid 17075)
Compiled application.js  (336ms)  (pid 17075)
Compiled application.css  (0ms)  (pid 17075)
